|--- fee <= 255.00
|   |--- fee <= 105.00
|   |   |--- class: 1
|   |--- fee >  105.00
|   |   |--- level <= 0.50
|   |   |   |--- subscribers <= 12057.00
|   |   |   |   |--- avg reviews <= 4.25
|   |   |   |   |   |--- class: 0
|   |   |   |   |--- avg reviews >  4.25
|   |   |   |   |   |--- reviews <= 5613.00
|   |   |   |   |   |   |--- subscribers <= 5138.00
|   |   |   |   |   |   |   |--- reviews <= 2605.50
|   |   |   |   |   |   |   |   |--- class: 0
|   |   |   |   |   |   |   |--- reviews >  2605.50
|   |   |   |   |   |   |   |   |--- class: 1
|   |   |   |   |   |   |--- subscribers >  5138.00
|   |   |   |   |   |   |   |--- class: 0
|   |   |   |   |   |--- reviews >  5613.00
|   |   |   |   |   |   |--- class: 1
|   |   |   |--- subscribers >  12057.00
|   |   |   |   |--- class: 1
|   |   |--- level >  0.50
|   |   |   |--- class: 1
|--- fee >  255.00
|   |--- subscribers <= 11998.50
|   |   |--- fee <= 505.00
|   |   |   |--- level <= 0.50
|   |   |   |   |--- avg reviews <= 4.25
|   |   |   |   |   |--- class: 0
|   |   |   |   |--- avg reviews >  4.25
|   |   |   |   |   |--- reviews <= 4569.50
|   |   |   |   |   |   |--- subscribers <= 4919.50
|   |   |   |   |   |   |   |--- published date <= 1429891200.00
|   |   |   |   |   |   |   |   |--- reviews <= 1229.00
|   |   |   |   |   |   |   |   |   |--- class: 0
|   |   |   |   |   |   |   |   |--- reviews >  1229.00
|   |   |   |   |   |   |   |   |   |--- class: 1
|   |   |   |   |   |   |   |--- published date >  1429891200.00
|   |   |   |   |   |   |   |   |--- class: 0
|   |   |   |   |   |   |--- subscribers >  4919.50
|   |   |   |   |   |   |   |--- class: 0
|   |   |   |   |   |--- reviews >  4569.50
|   |   |   |   |   |   |--- subscribers <= 8036.00
|   |   |   |   |   |   |   |--- class: 1
|   |   |   |   |   |   |--- subscribers >  8036.00
|   |   |   |   |   |   |   |--- reviews <= 7578.00
|   |   |   |   |   |   |   |   |--- class: 0
|   |   |   |   |   |   |   |--- reviews >  7578.00
|   |   |   |   |   |   |   |   |--- class: 1
|   |   |   |--- level >  0.50
|   |   |   |   |--- level <= 1.50
|   |   |   |   |   |--- class: 1
|   |   |   |   |--- level >  1.50
|   |   |   |   |   |--- avg reviews <= 4.25
|   |   |   |   |   |   |--- class: 0
|   |   |   |   |   |--- avg reviews >  4.25
|   |   |   |   |   |   |--- reviews <= 3794.50
|   |   |   |   |   |   |   |--- subscribers <= 2187.00
|   |   |   |   |   |   |   |   |--- class: 1
|   |   |   |   |   |   |   |--- subscribers >  2187.00
|   |   |   |   |   |   |   |   |--- class: 0
|   |   |   |   |   |   |--- reviews >  3794.50
|   |   |   |   |   |   |   |--- subscribers <= 5771.50
|   |   |   |   |   |   |   |   |--- class: 1
|   |   |   |   |   |   |   |--- subscribers >  5771.50
|   |   |   |   |   |   |   |   |--- reviews <= 5824.50
|   |   |   |   |   |   |   |   |   |--- class: 0
|   |   |   |   |   |   |   |   |--- reviews >  5824.50
|   |   |   |   |   |   |   |   |   |--- subscribers <= 7677.50
|   |   |   |   |   |   |   |   |   |   |--- class: 1
|   |   |   |   |   |   |   |   |   |--- subscribers >  7677.50
|   |   |   |   |   |   |   |   |   |   |--- class: 0
|   |   |--- fee >  505.00
|   |   |   |--- avg reviews <= 4.25
|   |   |   |   |--- class: 0
|   |   |   |--- avg reviews >  4.25
|   |   |   |   |--- reviews <= 4874.50
|   |   |   |   |   |--- subscribers <= 4727.50
|   |   |   |   |   |   |--- reviews <= 2589.00
|   |   |   |   |   |   |   |--- reviews <= 1748.00
|   |   |   |   |   |   |   |   |--- class: 0
|   |   |   |   |   |   |   |--- reviews >  1748.00
|   |   |   |   |   |   |   |   |--- subscribers <= 2955.50
|   |   |   |   |   |   |   |   |   |--- subject <= 5.50
|   |   |   |   |   |   |   |   |   |   |--- class: 1
|   |   |   |   |   |   |   |   |   |--- subject >  5.50
|   |   |   |   |   |   |   |   |   |   |--- class: 0
|   |   |   |   |   |   |   |   |--- subscribers >  2955.50
|   |   |   |   |   |   |   |   |   |--- class: 0
|   |   |   |   |   |   |--- reviews >  2589.00
|   |   |   |   |   |   |   |--- duration <= 72.50
|   |   |   |   |   |   |   |   |--- class: 0
|   |   |   |   |   |   |   |--- duration >  72.50
|   |   |   |   |   |   |   |   |--- fee <= 1225.00
|   |   |   |   |   |   |   |   |   |--- class: 1
|   |   |   |   |   |   |   |   |--- fee >  1225.00
|   |   |   |   |   |   |   |   |   |--- level <= 0.50
|   |   |   |   |   |   |   |   |   |   |--- class: 0
|   |   |   |   |   |   |   |   |   |--- level >  0.50
|   |   |   |   |   |   |   |   |   |   |--- class: 1
|   |   |   |   |   |--- subscribers >  4727.50
|   |   |   |   |   |   |--- reviews <= 4515.00
|   |   |   |   |   |   |   |--- class: 0
|   |   |   |   |   |   |--- reviews >  4515.00
|   |   |   |   |   |   |   |--- subscribers <= 5862.00
|   |   |   |   |   |   |   |   |--- class: 1
|   |   |   |   |   |   |   |--- subscribers >  5862.00
|   |   |   |   |   |   |   |   |--- class: 0
|   |   |   |   |--- reviews >  4874.50
|   |   |   |   |   |--- reviews <= 8403.00
|   |   |   |   |   |   |--- subscribers <= 9189.50
|   |   |   |   |   |   |   |--- reviews <= 6439.50
|   |   |   |   |   |   |   |   |--- subscribers <= 7523.00
|   |   |   |   |   |   |   |   |   |--- reviews <= 5631.00
|   |   |   |   |   |   |   |   |   |   |--- class: 1
|   |   |   |   |   |   |   |   |   |--- reviews >  5631.00
|   |   |   |   |   |   |   |   |   |   |--- class: 1
|   |   |   |   |   |   |   |   |--- subscribers >  7523.00
|   |   |   |   |   |   |   |   |   |--- class: 0
|   |   |   |   |   |   |   |--- reviews >  6439.50
|   |   |   |   |   |   |   |   |--- subscribers <= 8998.50
|   |   |   |   |   |   |   |   |   |--- fee <= 580.00
|   |   |   |   |   |   |   |   |   |   |--- class: 1
|   |   |   |   |   |   |   |   |   |--- fee >  580.00
|   |   |   |   |   |   |   |   |   |   |--- class: 1
|   |   |   |   |   |   |   |   |--- subscribers >  8998.50
|   |   |   |   |   |   |   |   |   |--- reviews <= 7295.50
|   |   |   |   |   |   |   |   |   |   |--- class: 0
|   |   |   |   |   |   |   |   |   |--- reviews >  7295.50
|   |   |   |   |   |   |   |   |   |   |--- class: 1
|   |   |   |   |   |   |--- subscribers >  9189.50
|   |   |   |   |   |   |   |--- reviews <= 7762.00
|   |   |   |   |   |   |   |   |--- class: 0
|   |   |   |   |   |   |   |--- reviews >  7762.00
|   |   |   |   |   |   |   |   |--- subscribers <= 10168.50
|   |   |   |   |   |   |   |   |   |--- class: 1
|   |   |   |   |   |   |   |   |--- subscribers >  10168.50
|   |   |   |   |   |   |   |   |   |--- class: 0
|   |   |   |   |   |--- reviews >  8403.00
|   |   |   |   |   |   |--- class: 1
|   |--- subscribers >  11998.50
|   |   |--- class: 1
