|--- fee <= 255.00
|   |--- fee <= 105.00
|   |   |--- class: 1
|   |--- fee >  105.00
|   |   |--- level <= 0.50
|   |   |   |--- subscribers <= 11980.00
|   |   |   |   |--- avg reviews <= 4.25
|   |   |   |   |   |--- class: 0
|   |   |   |   |--- avg reviews >  4.25
|   |   |   |   |   |--- reviews <= 0.81
|   |   |   |   |   |   |--- class: 0
|   |   |   |   |   |--- reviews >  0.81
|   |   |   |   |   |   |--- class: 1
|   |   |   |--- subscribers >  11980.00
|   |   |   |   |--- class: 1
|   |   |--- level >  0.50
|   |   |   |--- class: 1
|--- fee >  255.00
|   |--- subscribers <= 11999.00
|   |   |--- fee <= 505.00
|   |   |   |--- level <= 1.50
|   |   |   |   |--- level <= 0.50
|   |   |   |   |   |--- reviews <= 0.86
|   |   |   |   |   |   |--- class: 0
|   |   |   |   |   |--- reviews >  0.86
|   |   |   |   |   |   |--- avg reviews <= 4.25
|   |   |   |   |   |   |   |--- class: 0
|   |   |   |   |   |   |--- avg reviews >  4.25
|   |   |   |   |   |   |   |--- class: 1
|   |   |   |   |--- level >  0.50
|   |   |   |   |   |--- class: 1
|   |   |   |--- level >  1.50
|   |   |   |   |--- reviews <= 0.84
|   |   |   |   |   |--- class: 0
|   |   |   |   |--- reviews >  0.84
|   |   |   |   |   |--- avg reviews <= 4.25
|   |   |   |   |   |   |--- class: 0
|   |   |   |   |   |--- avg reviews >  4.25
|   |   |   |   |   |   |--- class: 1
|   |   |--- fee >  505.00
|   |   |   |--- avg reviews <= 4.25
|   |   |   |   |--- class: 0
|   |   |   |--- avg reviews >  4.25
|   |   |   |   |--- reviews <= 0.80
|   |   |   |   |   |--- subscribers <= 56.00
|   |   |   |   |   |   |--- class: 1
|   |   |   |   |   |--- subscribers >  56.00
|   |   |   |   |   |   |--- class: 0
|   |   |   |   |--- reviews >  0.80
|   |   |   |   |   |--- class: 1
|   |--- subscribers >  11999.00
|   |   |--- class: 1
